2022-06-23 02:21:16 [scrapy.utils.log] INFO: Scrapy 2.6.1 started (bot: Fighting)
2022-06-23 02:21:16 [scrapy.utils.log] INFO: Versions: lxml 4.9.0.0, libxml2 2.9.12, cssselect 1.1.0, parsel 1.6.0, w3lib 1.22.0, Twisted 22.4.0, Python 3.10.4 (tags/v3.10.4:9d38120, Mar 23 2022, 23:13:41) [MSC v.1929 64 bit (AMD64)], pyOpenSSL 22.0.0 (OpenSSL 3.0.3 3 May 2022), cryptography 37.0.2, Platform Windows-10-10.0.19044-SP0
2022-06-23 02:21:16 [scrapy.crawler] INFO: Overridden settings:
{'BOT_NAME': 'Fighting',
 'LOG_FILE': 'MainSpider.log',
 'NEWSPIDER_MODULE': 'Fighting.spiders',
 'SPIDER_MODULES': ['Fighting.spiders']}
2022-06-23 02:21:16 [scrapy.utils.log] DEBUG: Using reactor: twisted.internet.selectreactor.SelectReactor
2022-06-23 02:21:16 [scrapy.extensions.telnet] INFO: Telnet Password: d1ccaac927a81838
2022-06-23 02:21:16 [scrapy.middleware] INFO: Enabled extensions:
['scrapy.extensions.corestats.CoreStats',
 'scrapy.extensions.telnet.TelnetConsole',
 'scrapy.extensions.logstats.LogStats']
2022-06-23 02:21:16 [scrapy.middleware] INFO: Enabled downloader middlewares:
['scrapy.downloadermiddlewares.httpauth.HttpAuthMiddleware',
 'scrapy.downloadermiddlewares.downloadtimeout.DownloadTimeoutMiddleware',
 'scrapy.downloadermiddlewares.defaultheaders.DefaultHeadersMiddleware',
 'scrapy.downloadermiddlewares.useragent.UserAgentMiddleware',
 'scrapy.downloadermiddlewares.retry.RetryMiddleware',
 'scrapy.downloadermiddlewares.redirect.MetaRefreshMiddleware',
 'scrapy.downloadermiddlewares.httpcompression.HttpCompressionMiddleware',
 'scrapy.downloadermiddlewares.redirect.RedirectMiddleware',
 'scrapy.downloadermiddlewares.cookies.CookiesMiddleware',
 'scrapy.downloadermiddlewares.httpproxy.HttpProxyMiddleware',
 'scrapy.downloadermiddlewares.stats.DownloaderStats']
2022-06-23 02:21:16 [scrapy.middleware] INFO: Enabled spider middlewares:
['scrapy.spidermiddlewares.httperror.HttpErrorMiddleware',
 'scrapy.spidermiddlewares.offsite.OffsiteMiddleware',
 'scrapy.spidermiddlewares.referer.RefererMiddleware',
 'scrapy.spidermiddlewares.urllength.UrlLengthMiddleware',
 'scrapy.spidermiddlewares.depth.DepthMiddleware']
2022-06-23 02:21:16 [scrapy.middleware] INFO: Enabled item pipelines:
[]
2022-06-23 02:21:16 [scrapy.core.engine] INFO: Spider opened
2022-06-23 02:21:17 [scrapy.extensions.logstats] INFO: Crawled 0 pages (at 0 pages/min), scraped 0 items (at 0 items/min)
2022-06-23 02:21:17 [scrapy.extensions.telnet] INFO: Telnet console listening on 127.0.0.1:6023
2022-06-23 02:21:17 [filelock] DEBUG: Attempting to acquire lock 2440898654176 on C:\Users\bbde1\AppData\Local\Programs\Python\Python310\lib\site-packages\tldextract\.suffix_cache/publicsuffix.org-tlds\de84b5ca2167d4c83e38fb162f2e8738.tldextract.json.lock
2022-06-23 02:21:17 [filelock] DEBUG: Lock 2440898654176 acquired on C:\Users\bbde1\AppData\Local\Programs\Python\Python310\lib\site-packages\tldextract\.suffix_cache/publicsuffix.org-tlds\de84b5ca2167d4c83e38fb162f2e8738.tldextract.json.lock
2022-06-23 02:21:17 [filelock] DEBUG: Attempting to release lock 2440898654176 on C:\Users\bbde1\AppData\Local\Programs\Python\Python310\lib\site-packages\tldextract\.suffix_cache/publicsuffix.org-tlds\de84b5ca2167d4c83e38fb162f2e8738.tldextract.json.lock
2022-06-23 02:21:17 [filelock] DEBUG: Lock 2440898654176 released on C:\Users\bbde1\AppData\Local\Programs\Python\Python310\lib\site-packages\tldextract\.suffix_cache/publicsuffix.org-tlds\de84b5ca2167d4c83e38fb162f2e8738.tldextract.json.lock
2022-06-23 02:21:17 [scrapy.core.engine] DEBUG: Crawled (200) <GET https://www.jobkorea.co.kr/Search/?stext=%ED%8C%8C+%EC%9D%B4+%EC%8D%AC&+e+d+u+=+4&+p+a+y+T+y+p+e+=+1+&+p+a+y+M+i+n+=+2+6+0+0+&+p+a+y+M+a+x+=+3+0+0+0> (referer: None)
2022-06-23 02:21:17 [scrapy.core.engine] INFO: Closing spider (finished)
2022-06-23 02:21:17 [scrapy.statscollectors] INFO: Dumping Scrapy stats:
{'downloader/request_bytes': 339,
 'downloader/request_count': 1,
 'downloader/request_method_count/GET': 1,
 'downloader/response_bytes': 29834,
 'downloader/response_count': 1,
 'downloader/response_status_count/200': 1,
 'elapsed_time_seconds': 0.458654,
 'finish_reason': 'finished',
 'finish_time': datetime.datetime(2022, 6, 22, 17, 21, 17, 517719),
 'httpcompression/response_bytes': 225511,
 'httpcompression/response_count': 1,
 'log_count/DEBUG': 6,
 'log_count/INFO': 10,
 'response_received_count': 1,
 'scheduler/dequeued': 1,
 'scheduler/dequeued/memory': 1,
 'scheduler/enqueued': 1,
 'scheduler/enqueued/memory': 1,
 'start_time': datetime.datetime(2022, 6, 22, 17, 21, 17, 59065)}
2022-06-23 02:21:17 [scrapy.core.engine] INFO: Spider closed (finished)
2022-06-23 02:25:57 [scrapy.utils.log] INFO: Scrapy 2.6.1 started (bot: Fighting)
2022-06-23 02:25:57 [scrapy.utils.log] INFO: Versions: lxml 4.9.0.0, libxml2 2.9.12, cssselect 1.1.0, parsel 1.6.0, w3lib 1.22.0, Twisted 22.4.0, Python 3.10.4 (tags/v3.10.4:9d38120, Mar 23 2022, 23:13:41) [MSC v.1929 64 bit (AMD64)], pyOpenSSL 22.0.0 (OpenSSL 3.0.3 3 May 2022), cryptography 37.0.2, Platform Windows-10-10.0.19044-SP0
2022-06-23 02:25:57 [scrapy.crawler] INFO: Overridden settings:
{'BOT_NAME': 'Fighting',
 'LOG_FILE': 'MainSpider.log',
 'NEWSPIDER_MODULE': 'Fighting.spiders',
 'SPIDER_MODULES': ['Fighting.spiders']}
2022-06-23 02:25:57 [scrapy.utils.log] DEBUG: Using reactor: twisted.internet.selectreactor.SelectReactor
2022-06-23 02:25:57 [scrapy.extensions.telnet] INFO: Telnet Password: bb34568304f4d6f7
2022-06-23 02:25:57 [scrapy.middleware] INFO: Enabled extensions:
['scrapy.extensions.corestats.CoreStats',
 'scrapy.extensions.telnet.TelnetConsole',
 'scrapy.extensions.logstats.LogStats']
2022-06-23 02:25:57 [scrapy.middleware] INFO: Enabled downloader middlewares:
['scrapy.downloadermiddlewares.httpauth.HttpAuthMiddleware',
 'scrapy.downloadermiddlewares.downloadtimeout.DownloadTimeoutMiddleware',
 'scrapy.downloadermiddlewares.defaultheaders.DefaultHeadersMiddleware',
 'scrapy.downloadermiddlewares.useragent.UserAgentMiddleware',
 'scrapy.downloadermiddlewares.retry.RetryMiddleware',
 'scrapy.downloadermiddlewares.redirect.MetaRefreshMiddleware',
 'scrapy.downloadermiddlewares.httpcompression.HttpCompressionMiddleware',
 'scrapy.downloadermiddlewares.redirect.RedirectMiddleware',
 'scrapy.downloadermiddlewares.cookies.CookiesMiddleware',
 'scrapy.downloadermiddlewares.httpproxy.HttpProxyMiddleware',
 'scrapy.downloadermiddlewares.stats.DownloaderStats']
2022-06-23 02:25:57 [scrapy.middleware] INFO: Enabled spider middlewares:
['scrapy.spidermiddlewares.httperror.HttpErrorMiddleware',
 'scrapy.spidermiddlewares.offsite.OffsiteMiddleware',
 'scrapy.spidermiddlewares.referer.RefererMiddleware',
 'scrapy.spidermiddlewares.urllength.UrlLengthMiddleware',
 'scrapy.spidermiddlewares.depth.DepthMiddleware']
2022-06-23 02:25:57 [scrapy.middleware] INFO: Enabled item pipelines:
[]
2022-06-23 02:25:57 [scrapy.core.engine] INFO: Spider opened
2022-06-23 02:25:57 [scrapy.extensions.logstats] INFO: Crawled 0 pages (at 0 pages/min), scraped 0 items (at 0 items/min)
2022-06-23 02:25:57 [scrapy.extensions.telnet] INFO: Telnet console listening on 127.0.0.1:6023
2022-06-23 02:25:58 [filelock] DEBUG: Attempting to acquire lock 2450982482224 on C:\Users\bbde1\AppData\Local\Programs\Python\Python310\lib\site-packages\tldextract\.suffix_cache/publicsuffix.org-tlds\de84b5ca2167d4c83e38fb162f2e8738.tldextract.json.lock
2022-06-23 02:25:58 [filelock] DEBUG: Lock 2450982482224 acquired on C:\Users\bbde1\AppData\Local\Programs\Python\Python310\lib\site-packages\tldextract\.suffix_cache/publicsuffix.org-tlds\de84b5ca2167d4c83e38fb162f2e8738.tldextract.json.lock
2022-06-23 02:25:58 [filelock] DEBUG: Attempting to release lock 2450982482224 on C:\Users\bbde1\AppData\Local\Programs\Python\Python310\lib\site-packages\tldextract\.suffix_cache/publicsuffix.org-tlds\de84b5ca2167d4c83e38fb162f2e8738.tldextract.json.lock
2022-06-23 02:25:58 [filelock] DEBUG: Lock 2450982482224 released on C:\Users\bbde1\AppData\Local\Programs\Python\Python310\lib\site-packages\tldextract\.suffix_cache/publicsuffix.org-tlds\de84b5ca2167d4c83e38fb162f2e8738.tldextract.json.lock
2022-06-23 02:25:58 [scrapy.core.engine] DEBUG: Crawled (200) <GET https://www.jobkorea.co.kr/Search/?stext=%ED%8C%8C%EC%9D%B4%EC%8D%AC&edu=9&payType=1&payMin=2600&payMax=3000> (referer: None)
2022-06-23 02:25:58 [scrapy.core.engine] INFO: Closing spider (finished)
2022-06-23 02:25:58 [scrapy.statscollectors] INFO: Dumping Scrapy stats:
{'downloader/request_bytes': 299,
 'downloader/request_count': 1,
 'downloader/request_method_count/GET': 1,
 'downloader/response_bytes': 22708,
 'downloader/response_count': 1,
 'downloader/response_status_count/200': 1,
 'elapsed_time_seconds': 0.386175,
 'finish_reason': 'finished',
 'finish_time': datetime.datetime(2022, 6, 22, 17, 25, 58, 183043),
 'httpcompression/response_bytes': 152754,
 'httpcompression/response_count': 1,
 'log_count/DEBUG': 6,
 'log_count/INFO': 10,
 'response_received_count': 1,
 'scheduler/dequeued': 1,
 'scheduler/dequeued/memory': 1,
 'scheduler/enqueued': 1,
 'scheduler/enqueued/memory': 1,
 'start_time': datetime.datetime(2022, 6, 22, 17, 25, 57, 796868)}
2022-06-23 02:25:58 [scrapy.core.engine] INFO: Spider closed (finished)
2022-06-23 02:26:34 [scrapy.utils.log] INFO: Scrapy 2.6.1 started (bot: Fighting)
2022-06-23 02:26:34 [scrapy.utils.log] INFO: Versions: lxml 4.9.0.0, libxml2 2.9.12, cssselect 1.1.0, parsel 1.6.0, w3lib 1.22.0, Twisted 22.4.0, Python 3.10.4 (tags/v3.10.4:9d38120, Mar 23 2022, 23:13:41) [MSC v.1929 64 bit (AMD64)], pyOpenSSL 22.0.0 (OpenSSL 3.0.3 3 May 2022), cryptography 37.0.2, Platform Windows-10-10.0.19044-SP0
2022-06-23 02:26:34 [scrapy.crawler] INFO: Overridden settings:
{'BOT_NAME': 'Fighting',
 'LOG_FILE': 'MainSpider.log',
 'NEWSPIDER_MODULE': 'Fighting.spiders',
 'SPIDER_MODULES': ['Fighting.spiders']}
2022-06-23 02:26:34 [scrapy.utils.log] DEBUG: Using reactor: twisted.internet.selectreactor.SelectReactor
2022-06-23 02:26:34 [scrapy.extensions.telnet] INFO: Telnet Password: d5ef1a8a6d40f6cd
2022-06-23 02:26:34 [scrapy.middleware] INFO: Enabled extensions:
['scrapy.extensions.corestats.CoreStats',
 'scrapy.extensions.telnet.TelnetConsole',
 'scrapy.extensions.logstats.LogStats']
2022-06-23 02:26:34 [scrapy.middleware] INFO: Enabled downloader middlewares:
['scrapy.downloadermiddlewares.httpauth.HttpAuthMiddleware',
 'scrapy.downloadermiddlewares.downloadtimeout.DownloadTimeoutMiddleware',
 'scrapy.downloadermiddlewares.defaultheaders.DefaultHeadersMiddleware',
 'scrapy.downloadermiddlewares.useragent.UserAgentMiddleware',
 'scrapy.downloadermiddlewares.retry.RetryMiddleware',
 'scrapy.downloadermiddlewares.redirect.MetaRefreshMiddleware',
 'scrapy.downloadermiddlewares.httpcompression.HttpCompressionMiddleware',
 'scrapy.downloadermiddlewares.redirect.RedirectMiddleware',
 'scrapy.downloadermiddlewares.cookies.CookiesMiddleware',
 'scrapy.downloadermiddlewares.httpproxy.HttpProxyMiddleware',
 'scrapy.downloadermiddlewares.stats.DownloaderStats']
2022-06-23 02:26:34 [scrapy.middleware] INFO: Enabled spider middlewares:
['scrapy.spidermiddlewares.httperror.HttpErrorMiddleware',
 'scrapy.spidermiddlewares.offsite.OffsiteMiddleware',
 'scrapy.spidermiddlewares.referer.RefererMiddleware',
 'scrapy.spidermiddlewares.urllength.UrlLengthMiddleware',
 'scrapy.spidermiddlewares.depth.DepthMiddleware']
2022-06-23 02:26:34 [scrapy.middleware] INFO: Enabled item pipelines:
[]
2022-06-23 02:26:34 [scrapy.core.engine] INFO: Spider opened
2022-06-23 02:26:34 [scrapy.extensions.logstats] INFO: Crawled 0 pages (at 0 pages/min), scraped 0 items (at 0 items/min)
2022-06-23 02:26:34 [scrapy.extensions.telnet] INFO: Telnet console listening on 127.0.0.1:6023
2022-06-23 02:26:34 [filelock] DEBUG: Attempting to acquire lock 2857114315088 on C:\Users\bbde1\AppData\Local\Programs\Python\Python310\lib\site-packages\tldextract\.suffix_cache/publicsuffix.org-tlds\de84b5ca2167d4c83e38fb162f2e8738.tldextract.json.lock
2022-06-23 02:26:34 [filelock] DEBUG: Lock 2857114315088 acquired on C:\Users\bbde1\AppData\Local\Programs\Python\Python310\lib\site-packages\tldextract\.suffix_cache/publicsuffix.org-tlds\de84b5ca2167d4c83e38fb162f2e8738.tldextract.json.lock
2022-06-23 02:26:34 [filelock] DEBUG: Attempting to release lock 2857114315088 on C:\Users\bbde1\AppData\Local\Programs\Python\Python310\lib\site-packages\tldextract\.suffix_cache/publicsuffix.org-tlds\de84b5ca2167d4c83e38fb162f2e8738.tldextract.json.lock
2022-06-23 02:26:34 [filelock] DEBUG: Lock 2857114315088 released on C:\Users\bbde1\AppData\Local\Programs\Python\Python310\lib\site-packages\tldextract\.suffix_cache/publicsuffix.org-tlds\de84b5ca2167d4c83e38fb162f2e8738.tldextract.json.lock
2022-06-23 02:26:34 [scrapy.core.engine] DEBUG: Crawled (200) <GET https://www.jobkorea.co.kr/Search/?stext=%ED%8C%8C%EC%9D%B4%EC%8D%AC&edu=3&payType=1&payMin=2600&payMax=3000> (referer: None)
2022-06-23 02:26:35 [scrapy.core.engine] INFO: Closing spider (finished)
2022-06-23 02:26:35 [scrapy.statscollectors] INFO: Dumping Scrapy stats:
{'downloader/request_bytes': 299,
 'downloader/request_count': 1,
 'downloader/request_method_count/GET': 1,
 'downloader/response_bytes': 32702,
 'downloader/response_count': 1,
 'downloader/response_status_count/200': 1,
 'elapsed_time_seconds': 0.621733,
 'finish_reason': 'finished',
 'finish_time': datetime.datetime(2022, 6, 22, 17, 26, 35, 64392),
 'httpcompression/response_bytes': 247115,
 'httpcompression/response_count': 1,
 'log_count/DEBUG': 6,
 'log_count/INFO': 10,
 'response_received_count': 1,
 'scheduler/dequeued': 1,
 'scheduler/dequeued/memory': 1,
 'scheduler/enqueued': 1,
 'scheduler/enqueued/memory': 1,
 'start_time': datetime.datetime(2022, 6, 22, 17, 26, 34, 442659)}
2022-06-23 02:26:35 [scrapy.core.engine] INFO: Spider closed (finished)
2022-06-23 02:28:48 [scrapy.utils.log] INFO: Scrapy 2.6.1 started (bot: Fighting)
2022-06-23 02:28:48 [scrapy.utils.log] INFO: Versions: lxml 4.9.0.0, libxml2 2.9.12, cssselect 1.1.0, parsel 1.6.0, w3lib 1.22.0, Twisted 22.4.0, Python 3.10.4 (tags/v3.10.4:9d38120, Mar 23 2022, 23:13:41) [MSC v.1929 64 bit (AMD64)], pyOpenSSL 22.0.0 (OpenSSL 3.0.3 3 May 2022), cryptography 37.0.2, Platform Windows-10-10.0.19044-SP0
2022-06-23 02:28:48 [scrapy.crawler] INFO: Overridden settings:
{'BOT_NAME': 'Fighting',
 'LOG_FILE': 'MainSpider.log',
 'NEWSPIDER_MODULE': 'Fighting.spiders',
 'SPIDER_MODULES': ['Fighting.spiders']}
2022-06-23 02:28:48 [scrapy.utils.log] DEBUG: Using reactor: twisted.internet.selectreactor.SelectReactor
2022-06-23 02:28:48 [scrapy.extensions.telnet] INFO: Telnet Password: 8e6e078610e50f24
2022-06-23 02:28:48 [scrapy.middleware] INFO: Enabled extensions:
['scrapy.extensions.corestats.CoreStats',
 'scrapy.extensions.telnet.TelnetConsole',
 'scrapy.extensions.logstats.LogStats']
2022-06-23 02:28:48 [scrapy.middleware] INFO: Enabled downloader middlewares:
['scrapy.downloadermiddlewares.httpauth.HttpAuthMiddleware',
 'scrapy.downloadermiddlewares.downloadtimeout.DownloadTimeoutMiddleware',
 'scrapy.downloadermiddlewares.defaultheaders.DefaultHeadersMiddleware',
 'scrapy.downloadermiddlewares.useragent.UserAgentMiddleware',
 'scrapy.downloadermiddlewares.retry.RetryMiddleware',
 'scrapy.downloadermiddlewares.redirect.MetaRefreshMiddleware',
 'scrapy.downloadermiddlewares.httpcompression.HttpCompressionMiddleware',
 'scrapy.downloadermiddlewares.redirect.RedirectMiddleware',
 'scrapy.downloadermiddlewares.cookies.CookiesMiddleware',
 'scrapy.downloadermiddlewares.httpproxy.HttpProxyMiddleware',
 'scrapy.downloadermiddlewares.stats.DownloaderStats']
2022-06-23 02:28:48 [scrapy.middleware] INFO: Enabled spider middlewares:
['scrapy.spidermiddlewares.httperror.HttpErrorMiddleware',
 'scrapy.spidermiddlewares.offsite.OffsiteMiddleware',
 'scrapy.spidermiddlewares.referer.RefererMiddleware',
 'scrapy.spidermiddlewares.urllength.UrlLengthMiddleware',
 'scrapy.spidermiddlewares.depth.DepthMiddleware']
2022-06-23 02:28:48 [scrapy.middleware] INFO: Enabled item pipelines:
[]
2022-06-23 02:28:48 [scrapy.core.engine] INFO: Spider opened
2022-06-23 02:28:48 [scrapy.extensions.logstats] INFO: Crawled 0 pages (at 0 pages/min), scraped 0 items (at 0 items/min)
2022-06-23 02:28:48 [scrapy.extensions.telnet] INFO: Telnet console listening on 127.0.0.1:6023
2022-06-23 02:28:49 [filelock] DEBUG: Attempting to acquire lock 2082364566560 on C:\Users\bbde1\AppData\Local\Programs\Python\Python310\lib\site-packages\tldextract\.suffix_cache/publicsuffix.org-tlds\de84b5ca2167d4c83e38fb162f2e8738.tldextract.json.lock
2022-06-23 02:28:49 [filelock] DEBUG: Lock 2082364566560 acquired on C:\Users\bbde1\AppData\Local\Programs\Python\Python310\lib\site-packages\tldextract\.suffix_cache/publicsuffix.org-tlds\de84b5ca2167d4c83e38fb162f2e8738.tldextract.json.lock
2022-06-23 02:28:49 [filelock] DEBUG: Attempting to release lock 2082364566560 on C:\Users\bbde1\AppData\Local\Programs\Python\Python310\lib\site-packages\tldextract\.suffix_cache/publicsuffix.org-tlds\de84b5ca2167d4c83e38fb162f2e8738.tldextract.json.lock
2022-06-23 02:28:49 [filelock] DEBUG: Lock 2082364566560 released on C:\Users\bbde1\AppData\Local\Programs\Python\Python310\lib\site-packages\tldextract\.suffix_cache/publicsuffix.org-tlds\de84b5ca2167d4c83e38fb162f2e8738.tldextract.json.lock
2022-06-23 02:28:49 [scrapy.core.engine] DEBUG: Crawled (200) <GET https://www.jobkorea.co.kr/Search/?stext=%EC%9E%90%EB%B0%94&edu=5&payType=1&payMin=2600&payMax=3000> (referer: None)
2022-06-23 02:28:49 [scrapy.core.engine] INFO: Closing spider (finished)
2022-06-23 02:28:49 [scrapy.statscollectors] INFO: Dumping Scrapy stats:
{'downloader/request_bytes': 290,
 'downloader/request_count': 1,
 'downloader/request_method_count/GET': 1,
 'downloader/response_bytes': 29883,
 'downloader/response_count': 1,
 'downloader/response_status_count/200': 1,
 'elapsed_time_seconds': 0.794072,
 'finish_reason': 'finished',
 'finish_time': datetime.datetime(2022, 6, 22, 17, 28, 49, 283783),
 'httpcompression/response_bytes': 242457,
 'httpcompression/response_count': 1,
 'log_count/DEBUG': 6,
 'log_count/INFO': 10,
 'response_received_count': 1,
 'scheduler/dequeued': 1,
 'scheduler/dequeued/memory': 1,
 'scheduler/enqueued': 1,
 'scheduler/enqueued/memory': 1,
 'start_time': datetime.datetime(2022, 6, 22, 17, 28, 48, 489711)}
2022-06-23 02:28:49 [scrapy.core.engine] INFO: Spider closed (finished)
2022-06-23 02:30:09 [scrapy.utils.log] INFO: Scrapy 2.6.1 started (bot: Fighting)
2022-06-23 02:30:09 [scrapy.utils.log] INFO: Versions: lxml 4.9.0.0, libxml2 2.9.12, cssselect 1.1.0, parsel 1.6.0, w3lib 1.22.0, Twisted 22.4.0, Python 3.10.4 (tags/v3.10.4:9d38120, Mar 23 2022, 23:13:41) [MSC v.1929 64 bit (AMD64)], pyOpenSSL 22.0.0 (OpenSSL 3.0.3 3 May 2022), cryptography 37.0.2, Platform Windows-10-10.0.19044-SP0
2022-06-23 02:30:09 [scrapy.crawler] INFO: Overridden settings:
{'BOT_NAME': 'Fighting',
 'LOG_FILE': 'MainSpider.log',
 'NEWSPIDER_MODULE': 'Fighting.spiders',
 'SPIDER_MODULES': ['Fighting.spiders']}
2022-06-23 02:30:09 [scrapy.utils.log] DEBUG: Using reactor: twisted.internet.selectreactor.SelectReactor
2022-06-23 02:30:09 [scrapy.extensions.telnet] INFO: Telnet Password: 2a05a2291f6bd4e9
2022-06-23 02:30:09 [scrapy.middleware] INFO: Enabled extensions:
['scrapy.extensions.corestats.CoreStats',
 'scrapy.extensions.telnet.TelnetConsole',
 'scrapy.extensions.logstats.LogStats']
2022-06-23 02:30:09 [scrapy.middleware] INFO: Enabled downloader middlewares:
['scrapy.downloadermiddlewares.httpauth.HttpAuthMiddleware',
 'scrapy.downloadermiddlewares.downloadtimeout.DownloadTimeoutMiddleware',
 'scrapy.downloadermiddlewares.defaultheaders.DefaultHeadersMiddleware',
 'scrapy.downloadermiddlewares.useragent.UserAgentMiddleware',
 'scrapy.downloadermiddlewares.retry.RetryMiddleware',
 'scrapy.downloadermiddlewares.redirect.MetaRefreshMiddleware',
 'scrapy.downloadermiddlewares.httpcompression.HttpCompressionMiddleware',
 'scrapy.downloadermiddlewares.redirect.RedirectMiddleware',
 'scrapy.downloadermiddlewares.cookies.CookiesMiddleware',
 'scrapy.downloadermiddlewares.httpproxy.HttpProxyMiddleware',
 'scrapy.downloadermiddlewares.stats.DownloaderStats']
2022-06-23 02:30:09 [scrapy.middleware] INFO: Enabled spider middlewares:
['scrapy.spidermiddlewares.httperror.HttpErrorMiddleware',
 'scrapy.spidermiddlewares.offsite.OffsiteMiddleware',
 'scrapy.spidermiddlewares.referer.RefererMiddleware',
 'scrapy.spidermiddlewares.urllength.UrlLengthMiddleware',
 'scrapy.spidermiddlewares.depth.DepthMiddleware']
2022-06-23 02:30:09 [scrapy.middleware] INFO: Enabled item pipelines:
[]
2022-06-23 02:30:09 [scrapy.core.engine] INFO: Spider opened
2022-06-23 02:30:09 [scrapy.extensions.logstats] INFO: Crawled 0 pages (at 0 pages/min), scraped 0 items (at 0 items/min)
2022-06-23 02:30:09 [scrapy.extensions.telnet] INFO: Telnet console listening on 127.0.0.1:6023
2022-06-23 02:30:10 [filelock] DEBUG: Attempting to acquire lock 2760792254464 on C:\Users\bbde1\AppData\Local\Programs\Python\Python310\lib\site-packages\tldextract\.suffix_cache/publicsuffix.org-tlds\de84b5ca2167d4c83e38fb162f2e8738.tldextract.json.lock
2022-06-23 02:30:10 [filelock] DEBUG: Lock 2760792254464 acquired on C:\Users\bbde1\AppData\Local\Programs\Python\Python310\lib\site-packages\tldextract\.suffix_cache/publicsuffix.org-tlds\de84b5ca2167d4c83e38fb162f2e8738.tldextract.json.lock
2022-06-23 02:30:10 [filelock] DEBUG: Attempting to release lock 2760792254464 on C:\Users\bbde1\AppData\Local\Programs\Python\Python310\lib\site-packages\tldextract\.suffix_cache/publicsuffix.org-tlds\de84b5ca2167d4c83e38fb162f2e8738.tldextract.json.lock
2022-06-23 02:30:10 [filelock] DEBUG: Lock 2760792254464 released on C:\Users\bbde1\AppData\Local\Programs\Python\Python310\lib\site-packages\tldextract\.suffix_cache/publicsuffix.org-tlds\de84b5ca2167d4c83e38fb162f2e8738.tldextract.json.lock
2022-06-23 02:30:10 [scrapy.core.engine] DEBUG: Crawled (200) <GET https://www.jobkorea.co.kr/Search/?stext=%EC%9E%90%EB%B0%94&edu=5&payType=1&payMin=2600&payMax=3000> (referer: None)
2022-06-23 02:30:10 [scrapy.core.engine] INFO: Closing spider (finished)
2022-06-23 02:30:10 [scrapy.statscollectors] INFO: Dumping Scrapy stats:
{'downloader/request_bytes': 290,
 'downloader/request_count': 1,
 'downloader/request_method_count/GET': 1,
 'downloader/response_bytes': 30055,
 'downloader/response_count': 1,
 'downloader/response_status_count/200': 1,
 'elapsed_time_seconds': 0.730544,
 'finish_reason': 'finished',
 'finish_time': datetime.datetime(2022, 6, 22, 17, 30, 10, 706662),
 'httpcompression/response_bytes': 242400,
 'httpcompression/response_count': 1,
 'log_count/DEBUG': 6,
 'log_count/INFO': 10,
 'response_received_count': 1,
 'scheduler/dequeued': 1,
 'scheduler/dequeued/memory': 1,
 'scheduler/enqueued': 1,
 'scheduler/enqueued/memory': 1,
 'start_time': datetime.datetime(2022, 6, 22, 17, 30, 9, 976118)}
2022-06-23 02:30:10 [scrapy.core.engine] INFO: Spider closed (finished)
2022-06-23 02:31:42 [scrapy.utils.log] INFO: Scrapy 2.6.1 started (bot: Fighting)
2022-06-23 02:31:42 [scrapy.utils.log] INFO: Versions: lxml 4.9.0.0, libxml2 2.9.12, cssselect 1.1.0, parsel 1.6.0, w3lib 1.22.0, Twisted 22.4.0, Python 3.10.4 (tags/v3.10.4:9d38120, Mar 23 2022, 23:13:41) [MSC v.1929 64 bit (AMD64)], pyOpenSSL 22.0.0 (OpenSSL 3.0.3 3 May 2022), cryptography 37.0.2, Platform Windows-10-10.0.19044-SP0
2022-06-23 02:31:42 [scrapy.crawler] INFO: Overridden settings:
{'BOT_NAME': 'Fighting',
 'LOG_FILE': 'MainSpider.log',
 'NEWSPIDER_MODULE': 'Fighting.spiders',
 'SPIDER_MODULES': ['Fighting.spiders']}
2022-06-23 02:31:42 [scrapy.utils.log] DEBUG: Using reactor: twisted.internet.selectreactor.SelectReactor
2022-06-23 02:31:42 [scrapy.extensions.telnet] INFO: Telnet Password: b5e02f0e276f0047
2022-06-23 02:31:42 [scrapy.middleware] INFO: Enabled extensions:
['scrapy.extensions.corestats.CoreStats',
 'scrapy.extensions.telnet.TelnetConsole',
 'scrapy.extensions.logstats.LogStats']
2022-06-23 02:31:42 [scrapy.middleware] INFO: Enabled downloader middlewares:
['scrapy.downloadermiddlewares.httpauth.HttpAuthMiddleware',
 'scrapy.downloadermiddlewares.downloadtimeout.DownloadTimeoutMiddleware',
 'scrapy.downloadermiddlewares.defaultheaders.DefaultHeadersMiddleware',
 'scrapy.downloadermiddlewares.useragent.UserAgentMiddleware',
 'scrapy.downloadermiddlewares.retry.RetryMiddleware',
 'scrapy.downloadermiddlewares.redirect.MetaRefreshMiddleware',
 'scrapy.downloadermiddlewares.httpcompression.HttpCompressionMiddleware',
 'scrapy.downloadermiddlewares.redirect.RedirectMiddleware',
 'scrapy.downloadermiddlewares.cookies.CookiesMiddleware',
 'scrapy.downloadermiddlewares.httpproxy.HttpProxyMiddleware',
 'scrapy.downloadermiddlewares.stats.DownloaderStats']
2022-06-23 02:31:42 [scrapy.middleware] INFO: Enabled spider middlewares:
['scrapy.spidermiddlewares.httperror.HttpErrorMiddleware',
 'scrapy.spidermiddlewares.offsite.OffsiteMiddleware',
 'scrapy.spidermiddlewares.referer.RefererMiddleware',
 'scrapy.spidermiddlewares.urllength.UrlLengthMiddleware',
 'scrapy.spidermiddlewares.depth.DepthMiddleware']
2022-06-23 02:31:42 [scrapy.middleware] INFO: Enabled item pipelines:
[]
2022-06-23 02:31:42 [scrapy.core.engine] INFO: Spider opened
2022-06-23 02:31:42 [scrapy.extensions.logstats] INFO: Crawled 0 pages (at 0 pages/min), scraped 0 items (at 0 items/min)
2022-06-23 02:31:42 [scrapy.extensions.telnet] INFO: Telnet console listening on 127.0.0.1:6023
2022-06-23 02:31:43 [filelock] DEBUG: Attempting to acquire lock 1447187689920 on C:\Users\bbde1\AppData\Local\Programs\Python\Python310\lib\site-packages\tldextract\.suffix_cache/publicsuffix.org-tlds\de84b5ca2167d4c83e38fb162f2e8738.tldextract.json.lock
2022-06-23 02:31:43 [filelock] DEBUG: Lock 1447187689920 acquired on C:\Users\bbde1\AppData\Local\Programs\Python\Python310\lib\site-packages\tldextract\.suffix_cache/publicsuffix.org-tlds\de84b5ca2167d4c83e38fb162f2e8738.tldextract.json.lock
2022-06-23 02:31:43 [filelock] DEBUG: Attempting to release lock 1447187689920 on C:\Users\bbde1\AppData\Local\Programs\Python\Python310\lib\site-packages\tldextract\.suffix_cache/publicsuffix.org-tlds\de84b5ca2167d4c83e38fb162f2e8738.tldextract.json.lock
2022-06-23 02:31:43 [filelock] DEBUG: Lock 1447187689920 released on C:\Users\bbde1\AppData\Local\Programs\Python\Python310\lib\site-packages\tldextract\.suffix_cache/publicsuffix.org-tlds\de84b5ca2167d4c83e38fb162f2e8738.tldextract.json.lock
2022-06-23 02:31:43 [scrapy.core.engine] DEBUG: Crawled (200) <GET https://www.jobkorea.co.kr/Search/?stext=%ED%8C%8C%EC%9D%B4%EC%8D%AC&careerType=2&careerMin=1&careerMax=6&edu=5&payType=1&payMin=2600&payMax=3000> (referer: None)
2022-06-23 02:31:43 [scrapy.core.engine] INFO: Closing spider (finished)
2022-06-23 02:31:43 [scrapy.statscollectors] INFO: Dumping Scrapy stats:
{'downloader/request_bytes': 336,
 'downloader/request_count': 1,
 'downloader/request_method_count/GET': 1,
 'downloader/response_bytes': 28831,
 'downloader/response_count': 1,
 'downloader/response_status_count/200': 1,
 'elapsed_time_seconds': 0.613968,
 'finish_reason': 'finished',
 'finish_time': datetime.datetime(2022, 6, 22, 17, 31, 43, 519177),
 'httpcompression/response_bytes': 218766,
 'httpcompression/response_count': 1,
 'log_count/DEBUG': 6,
 'log_count/INFO': 10,
 'response_received_count': 1,
 'scheduler/dequeued': 1,
 'scheduler/dequeued/memory': 1,
 'scheduler/enqueued': 1,
 'scheduler/enqueued/memory': 1,
 'start_time': datetime.datetime(2022, 6, 22, 17, 31, 42, 905209)}
2022-06-23 02:31:43 [scrapy.core.engine] INFO: Spider closed (finished)
2022-06-23 03:17:13 [scrapy.utils.log] INFO: Scrapy 2.6.1 started (bot: Fighting)
2022-06-23 03:17:13 [scrapy.utils.log] INFO: Versions: lxml 4.9.0.0, libxml2 2.9.12, cssselect 1.1.0, parsel 1.6.0, w3lib 1.22.0, Twisted 22.4.0, Python 3.10.4 (tags/v3.10.4:9d38120, Mar 23 2022, 23:13:41) [MSC v.1929 64 bit (AMD64)], pyOpenSSL 22.0.0 (OpenSSL 3.0.3 3 May 2022), cryptography 37.0.2, Platform Windows-10-10.0.19044-SP0
2022-06-23 03:17:13 [scrapy.crawler] INFO: Overridden settings:
{'BOT_NAME': 'Fighting',
 'LOG_FILE': 'MainSpider.log',
 'NEWSPIDER_MODULE': 'Fighting.spiders',
 'SPIDER_MODULES': ['Fighting.spiders']}
2022-06-23 03:17:13 [scrapy.utils.log] DEBUG: Using reactor: twisted.internet.selectreactor.SelectReactor
2022-06-23 03:17:13 [scrapy.extensions.telnet] INFO: Telnet Password: 9ce0531139f15195
2022-06-23 03:17:13 [scrapy.middleware] INFO: Enabled extensions:
['scrapy.extensions.corestats.CoreStats',
 'scrapy.extensions.telnet.TelnetConsole',
 'scrapy.extensions.logstats.LogStats']
2022-06-23 03:17:13 [scrapy.middleware] INFO: Enabled downloader middlewares:
['scrapy.downloadermiddlewares.httpauth.HttpAuthMiddleware',
 'scrapy.downloadermiddlewares.downloadtimeout.DownloadTimeoutMiddleware',
 'scrapy.downloadermiddlewares.defaultheaders.DefaultHeadersMiddleware',
 'scrapy.downloadermiddlewares.useragent.UserAgentMiddleware',
 'scrapy.downloadermiddlewares.retry.RetryMiddleware',
 'scrapy.downloadermiddlewares.redirect.MetaRefreshMiddleware',
 'scrapy.downloadermiddlewares.httpcompression.HttpCompressionMiddleware',
 'scrapy.downloadermiddlewares.redirect.RedirectMiddleware',
 'scrapy.downloadermiddlewares.cookies.CookiesMiddleware',
 'scrapy.downloadermiddlewares.httpproxy.HttpProxyMiddleware',
 'scrapy.downloadermiddlewares.stats.DownloaderStats']
2022-06-23 03:17:13 [scrapy.middleware] INFO: Enabled spider middlewares:
['scrapy.spidermiddlewares.httperror.HttpErrorMiddleware',
 'scrapy.spidermiddlewares.offsite.OffsiteMiddleware',
 'scrapy.spidermiddlewares.referer.RefererMiddleware',
 'scrapy.spidermiddlewares.urllength.UrlLengthMiddleware',
 'scrapy.spidermiddlewares.depth.DepthMiddleware']
2022-06-23 03:17:13 [scrapy.middleware] INFO: Enabled item pipelines:
[]
2022-06-23 03:17:13 [scrapy.core.engine] INFO: Spider opened
2022-06-23 03:17:14 [scrapy.extensions.logstats] INFO: Crawled 0 pages (at 0 pages/min), scraped 0 items (at 0 items/min)
2022-06-23 03:17:14 [scrapy.extensions.telnet] INFO: Telnet console listening on 127.0.0.1:6023
2022-06-23 03:17:14 [filelock] DEBUG: Attempting to acquire lock 2252424916864 on C:\Users\bbde1\AppData\Local\Programs\Python\Python310\lib\site-packages\tldextract\.suffix_cache/publicsuffix.org-tlds\de84b5ca2167d4c83e38fb162f2e8738.tldextract.json.lock
2022-06-23 03:17:14 [filelock] DEBUG: Lock 2252424916864 acquired on C:\Users\bbde1\AppData\Local\Programs\Python\Python310\lib\site-packages\tldextract\.suffix_cache/publicsuffix.org-tlds\de84b5ca2167d4c83e38fb162f2e8738.tldextract.json.lock
2022-06-23 03:17:14 [filelock] DEBUG: Attempting to release lock 2252424916864 on C:\Users\bbde1\AppData\Local\Programs\Python\Python310\lib\site-packages\tldextract\.suffix_cache/publicsuffix.org-tlds\de84b5ca2167d4c83e38fb162f2e8738.tldextract.json.lock
2022-06-23 03:17:14 [filelock] DEBUG: Lock 2252424916864 released on C:\Users\bbde1\AppData\Local\Programs\Python\Python310\lib\site-packages\tldextract\.suffix_cache/publicsuffix.org-tlds\de84b5ca2167d4c83e38fb162f2e8738.tldextract.json.lock
2022-06-23 03:17:14 [scrapy.core.engine] DEBUG: Crawled (200) <GET https://www.jobkorea.co.kr/Search/?stext=%EA%B0%9C%EB%B0%9C%EC%9E%90&careerType=2&careerMin=1&careerMax=6&edu=5&payType=1&payMin=2600&payMax=3000> (referer: None)
2022-06-23 03:17:14 [scrapy.core.engine] INFO: Closing spider (finished)
2022-06-23 03:17:14 [scrapy.statscollectors] INFO: Dumping Scrapy stats:
{'downloader/request_bytes': 336,
 'downloader/request_count': 1,
 'downloader/request_method_count/GET': 1,
 'downloader/response_bytes': 31400,
 'downloader/response_count': 1,
 'downloader/response_status_count/200': 1,
 'elapsed_time_seconds': 0.8057,
 'finish_reason': 'finished',
 'finish_time': datetime.datetime(2022, 6, 22, 18, 17, 14, 829980),
 'httpcompression/response_bytes': 247446,
 'httpcompression/response_count': 1,
 'log_count/DEBUG': 6,
 'log_count/INFO': 10,
 'response_received_count': 1,
 'scheduler/dequeued': 1,
 'scheduler/dequeued/memory': 1,
 'scheduler/enqueued': 1,
 'scheduler/enqueued/memory': 1,
 'start_time': datetime.datetime(2022, 6, 22, 18, 17, 14, 24280)}
2022-06-23 03:17:14 [scrapy.core.engine] INFO: Spider closed (finished)
